Arguments: 
  C:\Program Files\nodejs\node.exe C:\Users\HAN\AppData\Roaming\npm\node_modules\yarn\bin\yarn.js add axios

PATH: 
  C:\Program Files\Common Files\Oracle\Java\javapath;C:\Windows\system32;C:\Windows;C:\Windows\System32\Wbem;C:\Windows\System32\WindowsPowerShell\v1.0\;C:\Windows\System32\OpenSSH\;C:\Program Files\NVIDIA Corporation\NVIDIA NvDLISR;C:\Program Files (x86)\NVIDIA Corporation\PhysX\Common;C:\AndroidStudio\src\flutter\bin;C:\Program Files\Java\jdk-16.0.1\bin;C:\Users\HAN\AppData\Local\Microsoft\WindowsApps;C:\Users\HAN\AppData\Local\Programs\Microsoft VS Code\bin;C:\Users\HAN\AppData\Roaming\npm;C:\adb;C:\Program Files\Git\cmd;C:\Program Files\nodejs\;C:\Users\HAN\AppData\Local\Microsoft\WindowsApps;C:\Users\HAN\AppData\Local\Programs\Microsoft VS Code\bin;C:\Users\HAN\AppData\Local\GitHubDesktop\bin;C:\Users\HAN\AppData\Roaming\npm

Yarn version: 
  1.22.17

Node version: 
  16.13.1

Platform: 
  win32 x64

Trace: 
  Error: EPERM: operation not permitted, rmdir 'E:\Drive\Emirhan\Workspace\Web\Front-End\React\React101\react101\node_modules\.bin'

npm manifest: 
  {
    "name": "react101",
    "version": "0.1.0",
    "private": true,
    "dependencies": {
      "@testing-library/jest-dom": "^5.16.1",
      "@testing-library/react": "^12.1.2",
      "@testing-library/user-event": "^13.5.0",
      "react": "^17.0.2",
      "react-dom": "^17.0.2",
      "react-scripts": "5.0.0",
      "web-vitals": "^2.1.2"
    },
    "scripts": {
      "start": "react-scripts start",
      "build": "react-scripts build",
      "test": "react-scripts test",
      "eject": "react-scripts eject"
    },
    "eslintConfig": {
      "extends": [
        "react-app",
        "react-app/jest"
      ]
    },
    "browserslist": {
      "production": [
        ">0.2%",
        "not dead",
        "not op_mini all"
      ],
      "development": [
        "last 1 chrome version",
        "last 1 firefox version",
        "last 1 safari version"
      ]
    }
  }

yarn manifest: 
  No manifest

Lockfile: 
  No lockfile
